<?xml version="1.0" encoding="UTF-8"?>
<!-- Generated by org.testng.reporters.JUnitReportReporter -->
<testsuite hostname="DESKTOP-ABFM4D1" failures="0" tests="1" name="com.Example.Test.ExampleScriptText" time="0.024" errors="0" timestamp="2022-07-18T15:59:41 IST" skipped="0">
  <testcase classname="com.Example.Test.ExampleScriptText" name="ExampleTest" time="0.024"/>
  <system-out/>
</testsuite> <!-- com.Example.Test.ExampleScriptText -->
