<?xml version="1.0" encoding="UTF-8"?>
<!-- Generated by org.testng.reporters.JUnitReportReporter -->
<testsuite hostname="DESKTOP-ABFM4D1" failures="0" tests="1" name="com.Example.Test.ExampleScript4Test" time="0.028" errors="0" timestamp="19 Jul 2022 05:13:33 GMT">
  <testcase classname="com.Example.Test.ExampleScript4Test" name="Example5" time="0.028"/>
</testsuite> <!-- com.Example.Test.ExampleScript4Test -->
