<?xml version="1.0" encoding="UTF-8"?>
<!-- Generated by org.testng.reporters.JUnitReportReporter -->
<testsuite hostname="DESKTOP-ABFM4D1" failures="0" tests="2" name="com.Example.Test.ExampleScriptTest" time="0.146" errors="0" timestamp="19 Jul 2022 04:45:58 GMT">
  <testcase classname="com.Example.Test.ExampleScriptTest" name="ExampleTest3" time="0.108"/>
  <testcase classname="com.Example.Test.ExampleScriptTest" name="ExampleTest" time="0.038"/>
</testsuite> <!-- com.Example.Test.ExampleScriptTest -->
