<?xml version="1.0" encoding="UTF-8"?>
<!-- Generated by org.testng.reporters.JUnitReportReporter -->
<testsuite hostname="DESKTOP-ABFM4D1" failures="0" tests="1" name="com.Example.Test.ExampleScript2Test" time="0.028" errors="0" timestamp="18 Jul 2022 11:12:43 GMT">
  <testcase classname="com.Example.Test.ExampleScript2Test" name="ExampleTest2" time="0.028"/>
</testsuite> <!-- com.Example.Test.ExampleScript2Test -->
