<?xml version="1.0" encoding="UTF-8"?>
<!-- Generated by org.testng.reporters.JUnitReportReporter -->
<testsuite hostname="DESKTOP-ABFM4D1" failures="0" tests="1" name="com.Example.Test.ExampleScript1Test" time="0.005" errors="0" timestamp="18 Jul 2022 11:12:43 GMT">
  <testcase classname="com.Example.Test.ExampleScript1Test" name="ExampleTest" time="0.005"/>
</testsuite> <!-- com.Example.Test.ExampleScript1Test -->
